6196928	./fastq/SRR062634_2.filt.fastq
bzip2 compression: ./fastq/SRR062634_2.filt.fastq -> ./compressed/SRR062634_2.filt.bzip2

real	6m5.480s
user	6m2.365s
sys	0m5.325s
1507648	./compressed/SRR062634_2.filt.bzip2
bzip2 decompression: ./compressed/SRR062634_2.filt.bzip2 -> ./decompressed/SRR062634_2.filt_bzip2.fastq

real	3m2.198s
user	2m52.945s
sys	0m8.659s
6209888	./decompressed/SRR062634_2.filt_bzip2.fastq
pbzip2 compression: ./fastq/SRR062634_2.filt.fastq -> ./compressed/SRR062634_2.filt.pbzip2

real	0m53.417s
user	13m15.193s
sys	0m11.138s
1507508	./compressed/SRR062634_2.filt.pbzip2
pbzip2 decompression: ./compressed/SRR062634_2.filt.pbzip2 -> ./decompressed/SRR062634_2.filt_pbzip2.fastq

real	0m38.315s
user	9m27.738s
sys	0m6.247s
6205908	./decompressed/SRR062634_2.filt_pbzip2.fastq
xz compression: ./fastq/SRR062634_2.filt.fastq -> ./compressed/SRR062634_2.filt.xz

real	120m54.836s
user	120m45.693s
sys	0m17.435s
1458200	./compressed/SRR062634_2.filt.xz
xz decompression: ./compressed/SRR062634_2.filt.xz -> ./decompressed/SRR062634_2.filt_xz.fastq

real	1m27.741s
user	1m21.458s
sys	0m5.946s
6210848	./decompressed/SRR062634_2.filt_xz.fastq
pigz compression: ./fastq/SRR062634_2.filt.fastq -> ./compressed/SRR062634_2.filt.pigz

real	3m40.798s
user	58m11.654s
sys	0m10.475s
1835676	./compressed/SRR062634_2.filt.pigz
pigz decompression: ./compressed/SRR062634_2.filt.pigz -> ./decompressed/SRR062634_2.filt_pigz.fastq

real	0m18.602s
user	0m18.471s
sys	0m4.388s
6211616	./decompressed/SRR062634_2.filt_pigz.fastq
gzip compression: ./fastq/SRR062634_2.filt.fastq -> ./compressed/SRR062634_2.filt.gzip

real	29m24.739s
user	29m22.648s
sys	0m5.210s
1835648	./compressed/SRR062634_2.filt.gzip
gzip decompression: ./compressed/SRR062634_2.filt.gzip -> ./decompressed/SRR062634_2.filt_gzip.fastq

real	0m32.607s
user	0m29.571s
sys	0m2.531s
6198048	./decompressed/SRR062634_2.filt_gzip.fastq
6252832	./fastq/SRR062635_1.filt.fastq
bzip2 compression: ./fastq/SRR062635_1.filt.fastq -> ./compressed/SRR062635_1.filt.bzip2

real	5m41.432s
user	5m39.307s
sys	0m4.484s
1540460	./compressed/SRR062635_1.filt.bzip2
bzip2 decompression: ./compressed/SRR062635_1.filt.bzip2 -> ./decompressed/SRR062635_1.filt_bzip2.fastq

real	2m51.325s
user	2m43.004s
sys	0m7.745s
6258924	./decompressed/SRR062635_1.filt_bzip2.fastq
pbzip2 compression: ./fastq/SRR062635_1.filt.fastq -> ./compressed/SRR062635_1.filt.pbzip2

real	0m50.154s
user	12m57.624s
sys	0m9.399s
1540844	./compressed/SRR062635_1.filt.pbzip2
pbzip2 decompression: ./compressed/SRR062635_1.filt.pbzip2 -> ./decompressed/SRR062635_1.filt_pbzip2.fastq

real	0m38.147s
user	9m58.072s
sys	0m5.536s
6256252	./decompressed/SRR062635_1.filt_pbzip2.fastq
xz compression: ./fastq/SRR062635_1.filt.fastq -> ./compressed/SRR062635_1.filt.xz

real	122m56.955s
user	122m48.537s
sys	0m17.267s
1490960	./compressed/SRR062635_1.filt.xz
xz decompression: ./compressed/SRR062635_1.filt.xz -> ./decompressed/SRR062635_1.filt_xz.fastq

real	1m30.462s
user	1m23.709s
sys	0m5.935s
6244240	./decompressed/SRR062635_1.filt_xz.fastq
pigz compression: ./fastq/SRR062635_1.filt.fastq -> ./compressed/SRR062635_1.filt.pigz

real	3m31.619s
user	55m39.095s
sys	0m10.473s
1868496	./compressed/SRR062635_1.filt.pigz
pigz decompression: ./compressed/SRR062635_1.filt.pigz -> ./decompressed/SRR062635_1.filt_pigz.fastq

real	0m18.847s
user	0m18.711s
sys	0m4.079s
6259616	./decompressed/SRR062635_1.filt_pigz.fastq
gzip compression: ./fastq/SRR062635_1.filt.fastq -> ./compressed/SRR062635_1.filt.gzip

real	27m56.981s
user	27m54.847s
sys	0m4.904s
1868480	./compressed/SRR062635_1.filt.gzip
gzip decompression: ./compressed/SRR062635_1.filt.gzip -> ./decompressed/SRR062635_1.filt_gzip.fastq

real	0m32.103s
user	0m29.588s
sys	0m2.261s
6256736	./decompressed/SRR062635_1.filt_gzip.fastq
6378592	./fastq/SRR062641_1.filt.fastq
bzip2 compression: ./fastq/SRR062641_1.filt.fastq -> ./compressed/SRR062641_1.filt.bzip2

real	5m49.852s
user	5m47.354s
sys	0m5.204s
1573228	./compressed/SRR062641_1.filt.bzip2
bzip2 decompression: ./compressed/SRR062641_1.filt.bzip2 -> ./decompressed/SRR062641_1.filt_bzip2.fastq

real	2m54.942s
user	2m46.256s
sys	0m8.210s
6373984	./decompressed/SRR062641_1.filt_bzip2.fastq
pbzip2 compression: ./fastq/SRR062641_1.filt.fastq -> ./compressed/SRR062641_1.filt.pbzip2

real	0m51.218s
user	13m14.056s
sys	0m9.160s
1573620	./compressed/SRR062641_1.filt.pbzip2
pbzip2 decompression: ./compressed/SRR062641_1.filt.pbzip2 -> ./decompressed/SRR062641_1.filt_pbzip2.fastq

real	0m39.314s
user	10m16.932s
sys	0m5.461s
6371820	./decompressed/SRR062641_1.filt_pbzip2.fastq
xz compression: ./fastq/SRR062641_1.filt.fastq -> ./compressed/SRR062641_1.filt.xz

real	126m4.817s
user	125m56.195s
sys	0m17.678s
1523728	./compressed/SRR062641_1.filt.xz
xz decompression: ./compressed/SRR062641_1.filt.xz -> ./decompressed/SRR062641_1.filt_xz.fastq

real	1m31.761s
user	1m25.219s
sys	0m6.187s
6373808	./decompressed/SRR062641_1.filt_xz.fastq
pigz compression: ./fastq/SRR062641_1.filt.fastq -> ./compressed/SRR062641_1.filt.pigz

real	3m36.626s
user	56m54.794s
sys	0m10.984s
1917492	./compressed/SRR062641_1.filt.pigz
pigz decompression: ./compressed/SRR062641_1.filt.pigz -> ./decompressed/SRR062641_1.filt_pigz.fastq

real	0m19.206s
user	0m19.108s
sys	0m4.160s
6384736	./decompressed/SRR062641_1.filt_pigz.fastq
gzip compression: ./fastq/SRR062641_1.filt.fastq -> ./compressed/SRR062641_1.filt.gzip

real	28m57.277s
user	28m55.370s
sys	0m5.044s
1901184	./compressed/SRR062641_1.filt.gzip
gzip decompression: ./compressed/SRR062641_1.filt.gzip -> ./decompressed/SRR062641_1.filt_gzip.fastq

real	0m32.733s
user	0m30.130s
sys	0m2.379s
6373504	./decompressed/SRR062641_1.filt_gzip.fastq
6180224	./fastq/SRR077487_1.filt.fastq
bzip2 compression: ./fastq/SRR077487_1.filt.fastq -> ./compressed/SRR077487_1.filt.bzip2

real	5m42.253s
user	5m40.207s
sys	0m4.434s
1523980	./compressed/SRR077487_1.filt.bzip2
bzip2 decompression: ./compressed/SRR077487_1.filt.bzip2 -> ./decompressed/SRR077487_1.filt_bzip2.fastq

real	2m48.101s
user	2m40.342s
sys	0m7.235s
6177080	./decompressed/SRR077487_1.filt_bzip2.fastq
pbzip2 compression: ./fastq/SRR077487_1.filt.fastq -> ./compressed/SRR077487_1.filt.pbzip2

real	0m50.675s
user	13m6.777s
sys	0m8.953s
1523924	./compressed/SRR077487_1.filt.pbzip2
pbzip2 decompression: ./compressed/SRR077487_1.filt.pbzip2 -> ./decompressed/SRR077487_1.filt_pbzip2.fastq

real	0m39.021s
user	10m11.599s
sys	0m5.391s
6169940	./decompressed/SRR077487_1.filt_pbzip2.fastq
xz compression: ./fastq/SRR077487_1.filt.fastq -> ./compressed/SRR077487_1.filt.xz

real	120m26.178s
user	120m17.906s
sys	0m16.969s
1425424	./compressed/SRR077487_1.filt.xz
xz decompression: ./compressed/SRR077487_1.filt.xz -> ./decompressed/SRR077487_1.filt_xz.fastq

real	1m26.643s
user	1m20.324s
sys	0m5.993s
6180136	./decompressed/SRR077487_1.filt_xz.fastq
pigz compression: ./fastq/SRR077487_1.filt.fastq -> ./compressed/SRR077487_1.filt.pigz

real	3m8.263s
user	49m23.920s
sys	0m10.311s
1868064	./compressed/SRR077487_1.filt.pigz
pigz decompression: ./compressed/SRR077487_1.filt.pigz -> ./decompressed/SRR077487_1.filt_pigz.fastq

real	0m18.729s
user	0m18.571s
sys	0m4.133s
6174432	./decompressed/SRR077487_1.filt_pigz.fastq
gzip compression: ./fastq/SRR077487_1.filt.fastq -> ./compressed/SRR077487_1.filt.gzip

real	24m55.526s
user	24m53.719s
sys	0m4.672s
1851872	./compressed/SRR077487_1.filt.gzip
gzip decompression: ./compressed/SRR077487_1.filt.gzip -> ./decompressed/SRR077487_1.filt_gzip.fastq

real	0m31.706s
user	0m29.254s
sys	0m2.252s
6182976	./decompressed/SRR077487_1.filt_gzip.fastq
6177824	./fastq/SRR081241_1.filt.fastq
bzip2 compression: ./fastq/SRR081241_1.filt.fastq -> ./compressed/SRR081241_1.filt.bzip2

real	5m40.395s
user	5m38.333s
sys	0m4.419s
1523968	./compressed/SRR081241_1.filt.bzip2
bzip2 decompression: ./compressed/SRR081241_1.filt.bzip2 -> ./decompressed/SRR081241_1.filt_bzip2.fastq

real	2m48.088s
user	2m40.141s
sys	0m7.529s
6177120	./decompressed/SRR081241_1.filt_bzip2.fastq
pbzip2 compression: ./fastq/SRR081241_1.filt.fastq -> ./compressed/SRR081241_1.filt.pbzip2

real	0m50.575s
user	13m2.841s
sys	0m8.802s
1523856	./compressed/SRR081241_1.filt.pbzip2
pbzip2 decompression: ./compressed/SRR081241_1.filt.pbzip2 -> ./decompressed/SRR081241_1.filt_pbzip2.fastq

real	0m38.074s
user	9m56.704s
sys	0m5.402s
6169940	./decompressed/SRR081241_1.filt_pbzip2.fastq
xz compression: ./fastq/SRR081241_1.filt.fastq -> ./compressed/SRR081241_1.filt.xz

real	120m53.336s
user	120m42.350s
sys	0m17.532s
1425424	./compressed/SRR081241_1.filt.xz
xz decompression: ./compressed/SRR081241_1.filt.xz -> ./decompressed/SRR081241_1.filt_xz.fastq

real	1m26.290s
user	1m20.105s
sys	0m5.857s
6178416	./decompressed/SRR081241_1.filt_xz.fastq
pigz compression: ./fastq/SRR081241_1.filt.fastq -> ./compressed/SRR081241_1.filt.pigz

real	3m11.612s
user	49m38.040s
sys	0m10.784s
1867944	./compressed/SRR081241_1.filt.pigz
pigz decompression: ./compressed/SRR081241_1.filt.pigz -> ./decompressed/SRR081241_1.filt_pigz.fastq

real	0m18.810s
user	0m18.594s
sys	0m4.321s
6181184	./decompressed/SRR081241_1.filt_pigz.fastq
gzip compression: ./fastq/SRR081241_1.filt.fastq -> ./compressed/SRR081241_1.filt.gzip

real	25m6.146s
user	25m3.951s
sys	0m4.820s
1868240	./compressed/SRR081241_1.filt.gzip
gzip decompression: ./compressed/SRR081241_1.filt.gzip -> ./decompressed/SRR081241_1.filt_gzip.fastq

real	0m31.411s
user	0m28.956s
sys	0m2.247s
6169024	./decompressed/SRR081241_1.filt_gzip.fastq
