6369748	./fastq/SRR062641_1.filt.fastq
gzip compression: ./fastq/SRR062641_1.filt.fastq -> ./compressed/SRR062641_1.filt.gzip

real	40m19.929s
user	40m13.173s
sys	0m18.656s
1901016	./compressed/SRR062641_1.filt.gzip
gzip decompression: ./compressed/SRR062641_1.filt.gzip -> ./decompressed/SRR062641_1.filt_gzip.fastq

real	0m48.533s
user	0m44.750s
sys	0m3.614s
6369748	./decompressed/SRR062641_1.filt_gzip.fastq
bzip2 compression: ./fastq/SRR062641_1.filt.fastq -> ./compressed/SRR062641_1.filt.bzip2

real	9m45.071s
user	9m38.035s
sys	0m20.457s
1562700	./compressed/SRR062641_1.filt.bzip2
bzip2 decompression: ./compressed/SRR062641_1.filt.bzip2 -> ./decompressed/SRR062641_1.filt_bzip2.fastq

real	4m12.987s
user	4m4.230s
sys	0m8.589s
6369748	./decompressed/SRR062641_1.filt_bzip2.fastq
gtz compression: ./fastq/SRR062641_1.filt.fastq -> ./compressed/SRR062641_1.filt.gtz
license to professional.
Notice: Update this software before 2019-12-13 to get more powerful feature.

real	2m10.079s
user	3m55.741s
sys	0m8.290s
1184844	./compressed/SRR062641_1.filt.gtz
gtz decompression: ./compressed/SRR062641_1.filt.gtz -> ./decompressed/SRR062641_1.filt_gtz.fastq

real	2m32.210s
user	4m48.533s
sys	0m8.899s
6369748	./decompressed/SRR062641_1.filt_gtz.fastq
